2018-01-21 16:31:03,379 0    [main] INFO  org.springframework.web.context.ContextLoader  - Root WebApplicationContext: initialization started
2018-01-21 16:31:03,556 177  [main] INFO  org.springframework.web.context.support.XmlWebApplicationContext  - Refreshing Root WebApplicationContext: startup date [Sun Jan 21 16:31:03 EAT 2018]; root of context hierarchy
2018-01-21 16:31:03,647 268  [main] INFO  org.springframework.beans.factory.xml.XmlBeanDefinitionReader  - Loading XML bean definitions from ServletContext resource [/WEB-INF/applicationContext.xml]
2018-01-21 16:31:04,059 680  [main] INFO  org.springframework.beans.factory.config.PropertyPlaceholderConfigurer  - Loading properties file from ServletContext resource [/WEB-INF/config.properties]
2018-01-21 16:31:04,139 760  [main] INFO  org.springframework.jdbc.datasource.DriverManagerDataSource  - Loaded JDBC driver: com.mysql.jdbc.Driver
2018-01-21 16:31:04,283 904  [main] INFO  org.springframework.orm.jpa.LocalContainerEntityManagerFactoryBean  - Building JPA container EntityManagerFactory for persistence unit 'sirapu'
2018-01-21 16:31:05,619 2240 [main] WARN  org.hibernate.engine.jdbc.env.internal.JdbcEnvironmentInitiator  - HHH000342: Could not obtain connection to query metadata : Access denied for user 'sa'@'%' to database 'dventus_arada'
2018-01-21 16:31:07,070 3691 [main] ERROR org.hibernate.tool.hbm2ddl.SchemaExport  - HHH000231: Schema export unsuccessful
com.mysql.jdbc.exceptions.jdbc4.MySQLSyntaxErrorException: Access denied for user 'sa'@'%' to database 'dventus_arada'
	at sun.reflect.NativeConstructorAccessorImpl.newInstance0(Native Method)
	at sun.reflect.NativeConstructorAccessorImpl.newInstance(NativeConstructorAccessorImpl.java:62)
	at sun.reflect.DelegatingConstructorAccessorImpl.newInstance(DelegatingConstructorAccessorImpl.java:45)
	at java.lang.reflect.Constructor.newInstance(Constructor.java:422)
	at com.mysql.jdbc.Util.handleNewInstance(Util.java:404)
	at com.mysql.jdbc.Util.getInstance(Util.java:387)
	at com.mysql.jdbc.SQLError.createSQLException(SQLError.java:941)
	at com.mysql.jdbc.MysqlIO.checkErrorPacket(MysqlIO.java:3870)
	at com.mysql.jdbc.MysqlIO.checkErrorPacket(MysqlIO.java:3806)
	at com.mysql.jdbc.MysqlIO.checkErrorPacket(MysqlIO.java:871)
	at com.mysql.jdbc.MysqlIO.secureAuth411(MysqlIO.java:4315)
	at com.mysql.jdbc.MysqlIO.doHandshake(MysqlIO.java:1259)
	at com.mysql.jdbc.ConnectionImpl.coreConnect(ConnectionImpl.java:2254)
	at com.mysql.jdbc.ConnectionImpl.connectOneTryOnly(ConnectionImpl.java:2285)
	at com.mysql.jdbc.ConnectionImpl.createNewIO(ConnectionImpl.java:2084)
	at com.mysql.jdbc.ConnectionImpl.<init>(ConnectionImpl.java:795)
	at com.mysql.jdbc.JDBC4Connection.<init>(JDBC4Connection.java:44)
	at sun.reflect.NativeConstructorAccessorImpl.newInstance0(Native Method)
	at sun.reflect.NativeConstructorAccessorImpl.newInstance(NativeConstructorAccessorImpl.java:62)
	at sun.reflect.DelegatingConstructorAccessorImpl.newInstance(DelegatingConstructorAccessorImpl.java:45)
	at java.lang.reflect.Constructor.newInstance(Constructor.java:422)
	at com.mysql.jdbc.Util.handleNewInstance(Util.java:404)
	at com.mysql.jdbc.ConnectionImpl.getInstance(ConnectionImpl.java:400)
	at com.mysql.jdbc.NonRegisteringDriver.connect(NonRegisteringDriver.java:327)
	at java.sql.DriverManager.getConnection(DriverManager.java:664)
	at java.sql.DriverManager.getConnection(DriverManager.java:208)
	at org.springframework.jdbc.datasource.DriverManagerDataSource.getConnectionFromDriverManager(DriverManagerDataSource.java:153)
	at org.springframework.jdbc.datasource.DriverManagerDataSource.getConnectionFromDriver(DriverManagerDataSource.java:144)
	at org.springframework.jdbc.datasource.AbstractDriverBasedDataSource.getConnectionFromDriver(AbstractDriverBasedDataSource.java:155)
	at org.springframework.jdbc.datasource.AbstractDriverBasedDataSource.getConnection(AbstractDriverBasedDataSource.java:130)
	at org.hibernate.engine.jdbc.connections.internal.DatasourceConnectionProviderImpl.getConnection(DatasourceConnectionProviderImpl.java:122)
	at org.hibernate.tool.hbm2ddl.SuppliedConnectionProviderConnectionHelper.prepare(SuppliedConnectionProviderConnectionHelper.java:33)
	at org.hibernate.tool.hbm2ddl.DatabaseExporter.<init>(DatabaseExporter.java:35)
	at org.hibernate.tool.hbm2ddl.SchemaExport.execute(SchemaExport.java:425)
	at org.hibernate.tool.hbm2ddl.SchemaExport.create(SchemaExport.java:361)
	at org.hibernate.tool.hbm2ddl.SchemaExport.create(SchemaExport.java:350)
	at org.hibernate.internal.SessionFactoryImpl.<init>(SessionFactoryImpl.java:478)
	at org.hibernate.boot.internal.SessionFactoryBuilderImpl.build(SessionFactoryBuilderImpl.java:444)
	at org.hibernate.jpa.boot.internal.EntityManagerFactoryBuilderImpl.build(EntityManagerFactoryBuilderImpl.java:802)
	at org.springframework.orm.jpa.vendor.SpringHibernateJpaPersistenceProvider.createContainerEntityManagerFactory(SpringHibernateJpaPersistenceProvider.java:60)
	at org.springframework.orm.jpa.LocalContainerEntityManagerFactoryBean.createNativeEntityManagerFactory(LocalContainerEntityManagerFactoryBean.java:343)
	at org.springframework.orm.jpa.AbstractEntityManagerFactoryBean.afterPropertiesSet(AbstractEntityManagerFactoryBean.java:318)
	at org.springframework.beans.factory.support.AbstractAutowireCapableBeanFactory.invokeInitMethods(AbstractAutowireCapableBeanFactory.java:1637)
	at org.springframework.beans.factory.support.AbstractAutowireCapableBeanFactory.initializeBean(AbstractAutowireCapableBeanFactory.java:1574)
	at org.springframework.beans.factory.support.AbstractAutowireCapableBeanFactory.doCreateBean(AbstractAutowireCapableBeanFactory.java:545)
	at org.springframework.beans.factory.support.AbstractAutowireCapableBeanFactory.createBean(AbstractAutowireCapableBeanFactory.java:482)
	at org.springframework.beans.factory.support.AbstractBeanFactory$1.getObject(AbstractBeanFactory.java:306)
	at org.springframework.beans.factory.support.DefaultSingletonBeanRegistry.getSingleton(DefaultSingletonBeanRegistry.java:230)
	at org.springframework.beans.factory.support.AbstractBeanFactory.doGetBean(AbstractBeanFactory.java:302)
	at org.springframework.beans.factory.support.AbstractBeanFactory.getBean(AbstractBeanFactory.java:197)
	at org.springframework.context.support.AbstractApplicationContext.getBean(AbstractApplicationContext.java:1051)
	at org.springframework.context.support.AbstractApplicationContext.finishBeanFactoryInitialization(AbstractApplicationContext.java:828)
	at org.springframework.context.support.AbstractApplicationContext.refresh(AbstractApplicationContext.java:537)
	at org.springframework.web.context.ContextLoader.configureAndRefreshWebApplicationContext(ContextLoader.java:446)
	at org.springframework.web.context.ContextLoader.initWebApplicationContext(ContextLoader.java:328)
	at org.springframework.web.context.ContextLoaderListener.contextInitialized(ContextLoaderListener.java:107)
	at org.apache.catalina.core.StandardContext.listenerStart(StandardContext.java:4135)
	at org.apache.catalina.core.StandardContext.start(StandardContext.java:4630)
	at org.apache.catalina.core.ContainerBase.start(ContainerBase.java:1045)
	at org.apache.catalina.core.StandardHost.start(StandardHost.java:785)
	at org.apache.catalina.core.ContainerBase.start(ContainerBase.java:1045)
	at org.apache.catalina.core.StandardEngine.start(StandardEngine.java:445)
	at org.apache.catalina.startup.Embedded.start(Embedded.java:825)
	at org.codehaus.mojo.tomcat.AbstractRunMojo.startContainer(AbstractRunMojo.java:558)
	at org.codehaus.mojo.tomcat.AbstractRunMojo.execute(AbstractRunMojo.java:255)
	at org.apache.maven.plugin.DefaultBuildPluginManager.executeMojo(DefaultBuildPluginManager.java:132)
	at org.apache.maven.lifecycle.internal.MojoExecutor.execute(MojoExecutor.java:208)
	at org.apache.maven.lifecycle.internal.MojoExecutor.execute(MojoExecutor.java:153)
	at org.apache.maven.lifecycle.internal.MojoExecutor.execute(MojoExecutor.java:145)
	at org.apache.maven.lifecycle.internal.LifecycleModuleBuilder.buildProject(LifecycleModuleBuilder.java:116)
	at org.apache.maven.lifecycle.internal.LifecycleModuleBuilder.buildProject(LifecycleModuleBuilder.java:80)
	at org.apache.maven.lifecycle.internal.builder.singlethreaded.SingleThreadedBuilder.build(SingleThreadedBuilder.java:51)
	at org.apache.maven.lifecycle.internal.LifecycleStarter.execute(LifecycleStarter.java:120)
	at org.apache.maven.DefaultMaven.doExecute(DefaultMaven.java:347)
	at org.apache.maven.DefaultMaven.execute(DefaultMaven.java:154)
	at org.apache.maven.cli.MavenCli.execute(MavenCli.java:582)
	at org.apache.maven.cli.MavenCli.doMain(MavenCli.java:214)
	at org.apache.maven.cli.MavenCli.main(MavenCli.java:158)
	at sun.reflect.NativeMethodAccessorImpl.invoke0(Native Method)
	at sun.reflect.NativeMethodAccessorImpl.invoke(NativeMethodAccessorImpl.java:62)
	at sun.reflect.DelegatingMethodAccessorImpl.invoke(DelegatingMethodAccessorImpl.java:43)
	at java.lang.reflect.Method.invoke(Method.java:497)
	at org.codehaus.plexus.classworlds.launcher.Launcher.launchEnhanced(Launcher.java:289)
	at org.codehaus.plexus.classworlds.launcher.Launcher.launch(Launcher.java:229)
	at org.codehaus.plexus.classworlds.launcher.Launcher.mainWithExitCode(Launcher.java:415)
	at org.codehaus.plexus.classworlds.launcher.Launcher.main(Launcher.java:356)
2018-01-21 16:31:07,201 3822 [main] INFO  org.springframework.beans.factory.config.PropertiesFactoryBean  - Loading properties file from ServletContext resource [/WEB-INF/config.properties]
2018-01-21 16:31:07,227 3848 [main] INFO  com.atomikos.logging.LoggerFactory  - Using Slf4J for logging.
2018-01-21 16:31:07,237 3858 [main] INFO  com.atomikos.icatch.provider.imp.AssemblerImp  - Loaded jar:file:/C:/Users/'/.m2/repository/com/atomikos/transactions/4.0.0M4/transactions-4.0.0M4.jar!/transactions-defaults.properties
2018-01-21 16:31:07,248 3869 [main] INFO  com.atomikos.icatch.provider.imp.AssemblerImp  - USING: com.atomikos.icatch.automatic_resource_registration = true
2018-01-21 16:31:07,248 3869 [main] INFO  com.atomikos.icatch.provider.imp.AssemblerImp  - USING: com.atomikos.icatch.client_demarcation = false
2018-01-21 16:31:07,250 3871 [main] INFO  com.atomikos.icatch.provider.imp.AssemblerImp  - USING: com.atomikos.icatch.threaded_2pc = false
2018-01-21 16:31:07,250 3871 [main] INFO  com.atomikos.icatch.provider.imp.AssemblerImp  - USING: com.atomikos.icatch.serial_jta_transactions = true
2018-01-21 16:31:07,250 3871 [main] INFO  com.atomikos.icatch.provider.imp.AssemblerImp  - USING: com.atomikos.icatch.serializable_logging = true
2018-01-21 16:31:07,251 3872 [main] INFO  com.atomikos.icatch.provider.imp.AssemblerImp  - USING: com.atomikos.icatch.log_base_dir = ./
2018-01-21 16:31:07,251 3872 [main] INFO  com.atomikos.icatch.provider.imp.AssemblerImp  - USING: com.atomikos.icatch.rmi_export_class = none
2018-01-21 16:31:07,251 3872 [main] INFO  com.atomikos.icatch.provider.imp.AssemblerImp  - USING: com.atomikos.icatch.max_actives = 50
2018-01-21 16:31:07,251 3872 [main] INFO  com.atomikos.icatch.provider.imp.AssemblerImp  - USING: com.atomikos.icatch.checkpoint_interval = 500
2018-01-21 16:31:07,251 3872 [main] INFO  com.atomikos.icatch.provider.imp.AssemblerImp  - USING: com.atomikos.icatch.enable_logging = true
2018-01-21 16:31:07,251 3872 [main] INFO  com.atomikos.icatch.provider.imp.AssemblerImp  - USING: com.atomikos.icatch.output_dir = ./
2018-01-21 16:31:07,252 3873 [main] INFO  com.atomikos.icatch.provider.imp.AssemblerImp  - USING: com.atomikos.icatch.log_base_name = tmlog
2018-01-21 16:31:07,252 3873 [main] INFO  com.atomikos.icatch.provider.imp.AssemblerImp  - USING: com.atomikos.icatch.max_timeout = 300000
2018-01-21 16:31:07,252 3873 [main] INFO  com.atomikos.icatch.provider.imp.AssemblerImp  - USING: com.atomikos.icatch.trust_client_tm = false
2018-01-21 16:31:07,252 3873 [main] INFO  com.atomikos.icatch.provider.imp.AssemblerImp  - USING: com.atomikos.icatch.tm_unique_name = 192.168.47.1.tm
2018-01-21 16:31:07,253 3874 [main] INFO  com.atomikos.icatch.provider.imp.AssemblerImp  - USING: java.naming.factory.initial = com.sun.jndi.rmi.registry.RegistryContextFactory
2018-01-21 16:31:07,258 3879 [main] INFO  com.atomikos.icatch.provider.imp.AssemblerImp  - USING: java.naming.provider.url = rmi://localhost:1099
2018-01-21 16:31:07,258 3879 [main] INFO  com.atomikos.icatch.provider.imp.AssemblerImp  - USING: com.atomikos.icatch.force_shutdown_on_vm_exit = false
2018-01-21 16:31:07,258 3879 [main] INFO  com.atomikos.icatch.provider.imp.AssemblerImp  - USING: com.atomikos.icatch.default_jta_timeout = 10000
2018-01-21 16:31:07,285 3906 [main] INFO  com.atomikos.persistence.imp.StateRecoveryManagerImp  - com.atomikos.persistence.imp.WriteAheadObjectLog instantiation failed - falling back to default
2018-01-21 16:31:07,288 3909 [main] INFO  com.atomikos.persistence.imp.FileLogStream  - Starting read of logfile E:\my projects\sarkis\server\.\tmlog1.log
2018-01-21 16:31:07,288 3909 [main] INFO  com.atomikos.persistence.imp.FileLogStream  - Done read of logfile
2018-01-21 16:31:07,289 3910 [main] INFO  com.atomikos.persistence.imp.AbstractLogStream  - Logfile closed: E:\my projects\sarkis\server\.\tmlog1.log
2018-01-21 16:31:07,374 3995 [main] INFO  org.springframework.transaction.jta.JtaTransactionManager  - Using JTA UserTransaction: com.atomikos.icatch.jta.J2eeUserTransaction@16e99306
2018-01-21 16:31:07,374 3995 [main] INFO  org.springframework.transaction.jta.JtaTransactionManager  - Using JTA TransactionManager: com.atomikos.icatch.jta.UserTransactionManager@653fb8d1
2018-01-21 16:31:07,405 4026 [main] INFO  org.springframework.web.context.ContextLoader  - Root WebApplicationContext: initialization completed in 4024 ms
2018-01-21 16:34:02,206 178827 [Thread-1] INFO  org.springframework.web.context.support.XmlWebApplicationContext  - Closing Root WebApplicationContext: startup date [Sun Jan 21 16:31:03 EAT 2018]; root of context hierarchy
2018-01-21 16:34:02,224 178845 [Thread-1] INFO  com.atomikos.persistence.imp.AbstractLogStream  - Logfile closed: E:\my projects\sarkis\server\.\tmlog2.log
2018-01-21 16:34:02,225 178846 [Thread-1] INFO  org.springframework.orm.jpa.LocalContainerEntityManagerFactoryBean  - Closing JPA EntityManagerFactory for persistence unit 'sirapu'
2018-01-21 16:34:02,225 178846 [Thread-1] ERROR org.hibernate.tool.hbm2ddl.SchemaExport  - HHH000231: Schema export unsuccessful
com.mysql.jdbc.exceptions.jdbc4.MySQLSyntaxErrorException: Access denied for user 'sa'@'%' to database 'dventus_arada'
	at sun.reflect.NativeConstructorAccessorImpl.newInstance0(Native Method)
	at sun.reflect.NativeConstructorAccessorImpl.newInstance(NativeConstructorAccessorImpl.java:62)
	at sun.reflect.DelegatingConstructorAccessorImpl.newInstance(DelegatingConstructorAccessorImpl.java:45)
	at java.lang.reflect.Constructor.newInstance(Constructor.java:422)
	at com.mysql.jdbc.Util.handleNewInstance(Util.java:404)
	at com.mysql.jdbc.Util.getInstance(Util.java:387)
	at com.mysql.jdbc.SQLError.createSQLException(SQLError.java:941)
	at com.mysql.jdbc.MysqlIO.checkErrorPacket(MysqlIO.java:3870)
	at com.mysql.jdbc.MysqlIO.checkErrorPacket(MysqlIO.java:3806)
	at com.mysql.jdbc.MysqlIO.checkErrorPacket(MysqlIO.java:871)
	at com.mysql.jdbc.MysqlIO.secureAuth411(MysqlIO.java:4315)
	at com.mysql.jdbc.MysqlIO.doHandshake(MysqlIO.java:1259)
	at com.mysql.jdbc.ConnectionImpl.coreConnect(ConnectionImpl.java:2254)
	at com.mysql.jdbc.ConnectionImpl.connectOneTryOnly(ConnectionImpl.java:2285)
	at com.mysql.jdbc.ConnectionImpl.createNewIO(ConnectionImpl.java:2084)
	at com.mysql.jdbc.ConnectionImpl.<init>(ConnectionImpl.java:795)
	at com.mysql.jdbc.JDBC4Connection.<init>(JDBC4Connection.java:44)
	at sun.reflect.NativeConstructorAccessorImpl.newInstance0(Native Method)
	at sun.reflect.NativeConstructorAccessorImpl.newInstance(NativeConstructorAccessorImpl.java:62)
	at sun.reflect.DelegatingConstructorAccessorImpl.newInstance(DelegatingConstructorAccessorImpl.java:45)
	at java.lang.reflect.Constructor.newInstance(Constructor.java:422)
	at com.mysql.jdbc.Util.handleNewInstance(Util.java:404)
	at com.mysql.jdbc.ConnectionImpl.getInstance(ConnectionImpl.java:400)
	at com.mysql.jdbc.NonRegisteringDriver.connect(NonRegisteringDriver.java:327)
	at java.sql.DriverManager.getConnection(DriverManager.java:664)
	at java.sql.DriverManager.getConnection(DriverManager.java:208)
	at org.springframework.jdbc.datasource.DriverManagerDataSource.getConnectionFromDriverManager(DriverManagerDataSource.java:153)
	at org.springframework.jdbc.datasource.DriverManagerDataSource.getConnectionFromDriver(DriverManagerDataSource.java:144)
	at org.springframework.jdbc.datasource.AbstractDriverBasedDataSource.getConnectionFromDriver(AbstractDriverBasedDataSource.java:155)
	at org.springframework.jdbc.datasource.AbstractDriverBasedDataSource.getConnection(AbstractDriverBasedDataSource.java:130)
	at org.hibernate.engine.jdbc.connections.internal.DatasourceConnectionProviderImpl.getConnection(DatasourceConnectionProviderImpl.java:122)
	at org.hibernate.tool.hbm2ddl.SuppliedConnectionProviderConnectionHelper.prepare(SuppliedConnectionProviderConnectionHelper.java:33)
	at org.hibernate.tool.hbm2ddl.DatabaseExporter.<init>(DatabaseExporter.java:35)
	at org.hibernate.tool.hbm2ddl.SchemaExport.execute(SchemaExport.java:425)
	at org.hibernate.tool.hbm2ddl.SchemaExport.drop(SchemaExport.java:375)
	at org.hibernate.tool.hbm2ddl.SchemaExport.drop(SchemaExport.java:371)
	at org.hibernate.internal.SessionFactoryImpl.close(SessionFactoryImpl.java:1074)
	at org.hibernate.jpa.internal.EntityManagerFactoryImpl.close(EntityManagerFactoryImpl.java:347)
	at sun.reflect.NativeMethodAccessorImpl.invoke0(Native Method)
	at sun.reflect.NativeMethodAccessorImpl.invoke(NativeMethodAccessorImpl.java:62)
	at sun.reflect.DelegatingMethodAccessorImpl.invoke(DelegatingMethodAccessorImpl.java:43)
	at java.lang.reflect.Method.invoke(Method.java:497)
	at org.springframework.orm.jpa.AbstractEntityManagerFactoryBean.invokeProxyMethod(AbstractEntityManagerFactoryBean.java:388)
	at org.springframework.orm.jpa.AbstractEntityManagerFactoryBean$ManagedEntityManagerFactoryInvocationHandler.invoke(AbstractEntityManagerFactoryBean.java:541)
	at com.sun.proxy.$Proxy40.close(Unknown Source)
	at org.springframework.orm.jpa.AbstractEntityManagerFactoryBean.destroy(AbstractEntityManagerFactoryBean.java:464)
	at org.springframework.beans.factory.support.DisposableBeanAdapter.destroy(DisposableBeanAdapter.java:262)
	at org.springframework.beans.factory.support.DefaultSingletonBeanRegistry.destroyBean(DefaultSingletonBeanRegistry.java:578)
	at org.springframework.beans.factory.support.DefaultSingletonBeanRegistry.destroySingleton(DefaultSingletonBeanRegistry.java:554)
	at org.springframework.beans.factory.support.DefaultListableBeanFactory.destroySingleton(DefaultListableBeanFactory.java:972)
	at org.springframework.beans.factory.support.DefaultSingletonBeanRegistry.destroySingletons(DefaultSingletonBeanRegistry.java:523)
	at org.springframework.beans.factory.support.DefaultListableBeanFactory.destroySingletons(DefaultListableBeanFactory.java:979)
	at org.springframework.context.support.AbstractApplicationContext.destroyBeans(AbstractApplicationContext.java:1003)
	at org.springframework.context.support.AbstractApplicationContext.doClose(AbstractApplicationContext.java:979)
	at org.springframework.context.support.AbstractApplicationContext.close(AbstractApplicationContext.java:931)
	at org.springframework.web.context.ContextLoader.closeWebApplicationContext(ContextLoader.java:583)
	at org.springframework.web.context.ContextLoaderListener.contextDestroyed(ContextLoaderListener.java:116)
	at org.apache.catalina.core.StandardContext.listenerStop(StandardContext.java:4174)
	at org.apache.catalina.core.StandardContext.stop(StandardContext.java:4778)
	at org.apache.catalina.core.ContainerBase.stop(ContainerBase.java:1098)
	at org.apache.catalina.core.ContainerBase.stop(ContainerBase.java:1098)
	at org.apache.catalina.core.StandardEngine.stop(StandardEngine.java:450)
	at org.apache.catalina.startup.Embedded.stop(Embedded.java:867)
	at org.codehaus.mojo.tomcat.EmbeddedRegistry.shutdownAll(EmbeddedRegistry.java:108)
	at org.codehaus.mojo.tomcat.EmbeddedRegistry$1.run(EmbeddedRegistry.java:68)
